
**** Build of configuration Debug for project blinky ****

"C:\\ti\\ccs1240\\ccs\\utils\\bin\\gmake" -k all 
 
Building file: "../blinky_main.c"
Invoking: ARM Compiler
"C:/ti/ccs1240/ccs/tools/compiler/ti-cgt-arm_20.2.7.LTS/bin/armcl" -mv7M4 --code_state=16 --float_support=FPv4SPD16 -me -O2 --include_path="C:/ti/ccs1240/ccs/tools/compiler/ti-cgt-arm_20.2.7.LTS/include" --include_path="C:/ti/TivaWare_C_Series-1.0/examples/boards/ek-tm4c123gxl" --include_path="C:/ti/TivaWare_C_Series-1.0" --define=ccs="ccs" --define=PART_TM4C123GH6PM --define=TARGET_IS_BLIZZARD_RB1 --define=PART_TM4C123GE6PM -g --gcc --diag_warning=225 --diag_wrap=off --display_error_number --gen_func_subsections=on --abi=eabi --ual --preproc_with_compile --preproc_dependency="blinky_main.d_raw"  "../blinky_main.c"
Finished building: "../blinky_main.c"
 
Building file: "../my_util.c"
Invoking: ARM Compiler
"C:/ti/ccs1240/ccs/tools/compiler/ti-cgt-arm_20.2.7.LTS/bin/armcl" -mv7M4 --code_state=16 --float_support=FPv4SPD16 -me -O2 --include_path="C:/ti/ccs1240/ccs/tools/compiler/ti-cgt-arm_20.2.7.LTS/include" --include_path="C:/ti/TivaWare_C_Series-1.0/examples/boards/ek-tm4c123gxl" --include_path="C:/ti/TivaWare_C_Series-1.0" --define=ccs="ccs" --define=PART_TM4C123GH6PM --define=TARGET_IS_BLIZZARD_RB1 --define=PART_TM4C123GE6PM -g --gcc --diag_warning=225 --diag_wrap=off --display_error_number --gen_func_subsections=on --abi=eabi --ual --preproc_with_compile --preproc_dependency="my_util.d_raw"  "../my_util.c"
Finished building: "../my_util.c"
 
Building file: "../periphConf.c"
Invoking: ARM Compiler
"C:/ti/ccs1240/ccs/tools/compiler/ti-cgt-arm_20.2.7.LTS/bin/armcl" -mv7M4 --code_state=16 --float_support=FPv4SPD16 -me -O2 --include_path="C:/ti/ccs1240/ccs/tools/compiler/ti-cgt-arm_20.2.7.LTS/include" --include_path="C:/ti/TivaWare_C_Series-1.0/examples/boards/ek-tm4c123gxl" --include_path="C:/ti/TivaWare_C_Series-1.0" --define=ccs="ccs" --define=PART_TM4C123GH6PM --define=TARGET_IS_BLIZZARD_RB1 --define=PART_TM4C123GE6PM -g --gcc --diag_warning=225 --diag_wrap=off --display_error_number --gen_func_subsections=on --abi=eabi --ual --preproc_with_compile --preproc_dependency="periphConf.d_raw"  "../periphConf.c"
Finished building: "../periphConf.c"
 
Building file: "../startup_ccs.c"
Invoking: ARM Compiler
"C:/ti/ccs1240/ccs/tools/compiler/ti-cgt-arm_20.2.7.LTS/bin/armcl" -mv7M4 --code_state=16 --float_support=FPv4SPD16 -me -O2 --include_path="C:/ti/ccs1240/ccs/tools/compiler/ti-cgt-arm_20.2.7.LTS/include" --include_path="C:/ti/TivaWare_C_Series-1.0/examples/boards/ek-tm4c123gxl" --include_path="C:/ti/TivaWare_C_Series-1.0" --define=ccs="ccs" --define=PART_TM4C123GH6PM --define=TARGET_IS_BLIZZARD_RB1 --define=PART_TM4C123GE6PM -g --gcc --diag_warning=225 --diag_wrap=off --display_error_number --gen_func_subsections=on --abi=eabi --ual --preproc_with_compile --preproc_dependency="startup_ccs.d_raw"  "../startup_ccs.c"
Finished building: "../startup_ccs.c"
 
Building target: "blinky.out"
Invoking: ARM Linker
"C:/ti/ccs1240/ccs/tools/compiler/ti-cgt-arm_20.2.7.LTS/bin/armcl" -mv7M4 --code_state=16 --float_support=FPv4SPD16 -me -O2 --define=ccs="ccs" --define=PART_TM4C123GH6PM --define=TARGET_IS_BLIZZARD_RB1 --define=PART_TM4C123GE6PM -g --gcc --diag_warning=225 --diag_wrap=off --display_error_number --gen_func_subsections=on --abi=eabi --ual -z -m"app_TM4C123GE6PM_ccs.map" --heap_size=0 --stack_size=512 -i"C:/ti/ccs1240/ccs/tools/compiler/ti-cgt-arm_20.2.7.LTS/lib" -i"C:/ti/ccs1240/ccs/tools/compiler/ti-cgt-arm_20.2.7.LTS/include" --reread_libs --diag_wrap=off --display_error_number --warn_sections --xml_link_info="blinky_linkInfo.xml" --rom_model -o "blinky.out" "./blinky_main.obj" "./my_util.obj" "./periphConf.obj" "./startup_ccs.obj" "../tm4c123ge6pm.cmd"  -llibc.a -l"C:/ti/TivaWare_C_Series-1.0/driverlib/ccs/Debug/driverlib.lib" 
<Linking>
Finished building target: "blinky.out"
 
"C:/ti/ccs1240/ccs/utils/tiobj2bin/tiobj2bin" "blinky.out" "blinky.bin" "C:/ti/ccs1240/ccs/tools/compiler/ti-cgt-arm_20.2.7.LTS/bin/armofd" "C:/ti/ccs1240/ccs/tools/compiler/ti-cgt-arm_20.2.7.LTS/bin/armhex" "C:/ti/ccs1240/ccs/utils/tiobj2bin/mkhex4bin"
 

**** Build Finished ****

**** Build of configuration Debug for project blinky ****

"C:\\ti\\ccs1240\\ccs\\utils\\bin\\gmake" -k all 
 
gmake: Nothing to be done for 'all'.

**** Build Finished ****

**** Build of configuration Debug for project blinky ****

"C:\\ti\\ccs1240\\ccs\\utils\\bin\\gmake" -k all 
 
Building file: "../blinky_main.c"
Invoking: ARM Compiler
"C:/ti/ccs1240/ccs/tools/compiler/ti-cgt-arm_20.2.7.LTS/bin/armcl" -mv7M4 --code_state=16 --float_support=FPv4SPD16 -me -O2 --include_path="C:/ti/ccs1240/ccs/tools/compiler/ti-cgt-arm_20.2.7.LTS/include" --include_path="C:/ti/TivaWare_C_Series-1.0/examples/boards/ek-tm4c123gxl" --include_path="C:/ti/TivaWare_C_Series-1.0" --define=ccs="ccs" --define=PART_TM4C123GH6PM --define=TARGET_IS_BLIZZARD_RB1 --define=PART_TM4C123GE6PM -g --gcc --diag_warning=225 --diag_wrap=off --display_error_number --gen_func_subsections=on --abi=eabi --ual --preproc_with_compile --preproc_dependency="blinky_main.d_raw"  "../blinky_main.c"
Finished building: "../blinky_main.c"
 
Building target: "blinky.out"
Invoking: ARM Linker
"C:/ti/ccs1240/ccs/tools/compiler/ti-cgt-arm_20.2.7.LTS/bin/armcl" -mv7M4 --code_state=16 --float_support=FPv4SPD16 -me -O2 --define=ccs="ccs" --define=PART_TM4C123GH6PM --define=TARGET_IS_BLIZZARD_RB1 --define=PART_TM4C123GE6PM -g --gcc --diag_warning=225 --diag_wrap=off --display_error_number --gen_func_subsections=on --abi=eabi --ual -z -m"app_TM4C123GE6PM_ccs.map" --heap_size=0 --stack_size=512 -i"C:/ti/ccs1240/ccs/tools/compiler/ti-cgt-arm_20.2.7.LTS/lib" -i"C:/ti/ccs1240/ccs/tools/compiler/ti-cgt-arm_20.2.7.LTS/include" --reread_libs --diag_wrap=off --display_error_number --warn_sections --xml_link_info="blinky_linkInfo.xml" --rom_model -o "blinky.out" "./blinky_main.obj" "./my_util.obj" "./periphConf.obj" "./startup_ccs.obj" "../tm4c123ge6pm.cmd"  -llibc.a -l"C:/ti/TivaWare_C_Series-1.0/driverlib/ccs/Debug/driverlib.lib" 
<Linking>
Finished building target: "blinky.out"
 
"C:/ti/ccs1240/ccs/utils/tiobj2bin/tiobj2bin" "blinky.out" "blinky.bin" "C:/ti/ccs1240/ccs/tools/compiler/ti-cgt-arm_20.2.7.LTS/bin/armofd" "C:/ti/ccs1240/ccs/tools/compiler/ti-cgt-arm_20.2.7.LTS/bin/armhex" "C:/ti/ccs1240/ccs/utils/tiobj2bin/mkhex4bin"
 

**** Build Finished ****

**** Build of configuration Debug for project blinky ****

"C:\\ti\\ccs1240\\ccs\\utils\\bin\\gmake" -k all 
 
Building file: "../blinky_main.c"
Invoking: ARM Compiler
"C:/ti/ccs1240/ccs/tools/compiler/ti-cgt-arm_20.2.7.LTS/bin/armcl" -mv7M4 --code_state=16 --float_support=FPv4SPD16 -me -O2 --include_path="C:/ti/ccs1240/ccs/tools/compiler/ti-cgt-arm_20.2.7.LTS/include" --include_path="C:/ti/TivaWare_C_Series-1.0/examples/boards/ek-tm4c123gxl" --include_path="C:/ti/TivaWare_C_Series-1.0" --define=ccs="ccs" --define=PART_TM4C123GH6PM --define=TARGET_IS_BLIZZARD_RB1 --define=PART_TM4C123GE6PM -g --gcc --diag_warning=225 --diag_wrap=off --display_error_number --gen_func_subsections=on --abi=eabi --ual --preproc_with_compile --preproc_dependency="blinky_main.d_raw"  "../blinky_main.c"
Finished building: "../blinky_main.c"
 
Building target: "blinky.out"
Invoking: ARM Linker
"C:/ti/ccs1240/ccs/tools/compiler/ti-cgt-arm_20.2.7.LTS/bin/armcl" -mv7M4 --code_state=16 --float_support=FPv4SPD16 -me -O2 --define=ccs="ccs" --define=PART_TM4C123GH6PM --define=TARGET_IS_BLIZZARD_RB1 --define=PART_TM4C123GE6PM -g --gcc --diag_warning=225 --diag_wrap=off --display_error_number --gen_func_subsections=on --abi=eabi --ual -z -m"app_TM4C123GE6PM_ccs.map" --heap_size=0 --stack_size=512 -i"C:/ti/ccs1240/ccs/tools/compiler/ti-cgt-arm_20.2.7.LTS/lib" -i"C:/ti/ccs1240/ccs/tools/compiler/ti-cgt-arm_20.2.7.LTS/include" --reread_libs --diag_wrap=off --display_error_number --warn_sections --xml_link_info="blinky_linkInfo.xml" --rom_model -o "blinky.out" "./blinky_main.obj" "./my_util.obj" "./periphConf.obj" "./startup_ccs.obj" "../tm4c123ge6pm.cmd"  -llibc.a -l"C:/ti/TivaWare_C_Series-1.0/driverlib/ccs/Debug/driverlib.lib" 
<Linking>
Finished building target: "blinky.out"
 
"C:/ti/ccs1240/ccs/utils/tiobj2bin/tiobj2bin" "blinky.out" "blinky.bin" "C:/ti/ccs1240/ccs/tools/compiler/ti-cgt-arm_20.2.7.LTS/bin/armofd" "C:/ti/ccs1240/ccs/tools/compiler/ti-cgt-arm_20.2.7.LTS/bin/armhex" "C:/ti/ccs1240/ccs/utils/tiobj2bin/mkhex4bin"
 

**** Build Finished ****

**** Build of configuration Debug for project blinky ****

"C:\\ti\\ccs1240\\ccs\\utils\\bin\\gmake" -k all 
 
gmake: Nothing to be done for 'all'.

**** Build Finished ****

**** Build of configuration Debug for project blinky ****

"C:\\ti\\ccs1240\\ccs\\utils\\bin\\gmake" -k all 
 
Building file: "../blinky_main.c"
Invoking: ARM Compiler
"C:/ti/ccs1240/ccs/tools/compiler/ti-cgt-arm_20.2.7.LTS/bin/armcl" -mv7M4 --code_state=16 --float_support=FPv4SPD16 -me -O2 --include_path="C:/ti/ccs1240/ccs/tools/compiler/ti-cgt-arm_20.2.7.LTS/include" --include_path="C:/ti/TivaWare_C_Series-1.0/examples/boards/ek-tm4c123gxl" --include_path="C:/ti/TivaWare_C_Series-1.0" --define=ccs="ccs" --define=PART_TM4C123GH6PM --define=TARGET_IS_BLIZZARD_RB1 --define=PART_TM4C123GE6PM -g --gcc --diag_warning=225 --diag_wrap=off --display_error_number --gen_func_subsections=on --abi=eabi --ual --preproc_with_compile --preproc_dependency="blinky_main.d_raw"  "../blinky_main.c"
Finished building: "../blinky_main.c"
 
Building target: "blinky.out"
Invoking: ARM Linker
"C:/ti/ccs1240/ccs/tools/compiler/ti-cgt-arm_20.2.7.LTS/bin/armcl" -mv7M4 --code_state=16 --float_support=FPv4SPD16 -me -O2 --define=ccs="ccs" --define=PART_TM4C123GH6PM --define=TARGET_IS_BLIZZARD_RB1 --define=PART_TM4C123GE6PM -g --gcc --diag_warning=225 --diag_wrap=off --display_error_number --gen_func_subsections=on --abi=eabi --ual -z -m"app_TM4C123GE6PM_ccs.map" --heap_size=0 --stack_size=512 -i"C:/ti/ccs1240/ccs/tools/compiler/ti-cgt-arm_20.2.7.LTS/lib" -i"C:/ti/ccs1240/ccs/tools/compiler/ti-cgt-arm_20.2.7.LTS/include" --reread_libs --diag_wrap=off --display_error_number --warn_sections --xml_link_info="blinky_linkInfo.xml" --rom_model -o "blinky.out" "./blinky_main.obj" "./my_util.obj" "./periphConf.obj" "./startup_ccs.obj" "../tm4c123ge6pm.cmd"  -llibc.a -l"C:/ti/TivaWare_C_Series-1.0/driverlib/ccs/Debug/driverlib.lib" 
<Linking>
Finished building target: "blinky.out"
 
"C:/ti/ccs1240/ccs/utils/tiobj2bin/tiobj2bin" "blinky.out" "blinky.bin" "C:/ti/ccs1240/ccs/tools/compiler/ti-cgt-arm_20.2.7.LTS/bin/armofd" "C:/ti/ccs1240/ccs/tools/compiler/ti-cgt-arm_20.2.7.LTS/bin/armhex" "C:/ti/ccs1240/ccs/utils/tiobj2bin/mkhex4bin"
 

**** Build Finished ****

**** Build of configuration Debug for project blinky ****

"C:\\ti\\ccs1240\\ccs\\utils\\bin\\gmake" -k all 
 
gmake: Nothing to be done for 'all'.

**** Build Finished ****

**** Build of configuration Debug for project blinky ****

"C:\\ti\\ccs1240\\ccs\\utils\\bin\\gmake" -k all 
 
gmake: Nothing to be done for 'all'.

**** Build Finished ****

**** Build of configuration Debug for project blinky ****

"C:\\ti\\ccs1240\\ccs\\utils\\bin\\gmake" -k all 
 
gmake: Nothing to be done for 'all'.

**** Build Finished ****

**** Build of configuration Debug for project blinky ****

"C:\\ti\\ccs1240\\ccs\\utils\\bin\\gmake" -k all 
 
Building file: "../blinky_main.c"
Invoking: ARM Compiler
"C:/ti/ccs1240/ccs/tools/compiler/ti-cgt-arm_20.2.7.LTS/bin/armcl" -mv7M4 --code_state=16 --float_support=FPv4SPD16 -me -O2 --include_path="C:/ti/ccs1240/ccs/tools/compiler/ti-cgt-arm_20.2.7.LTS/include" --include_path="C:/ti/TivaWare_C_Series-1.0/examples/boards/ek-tm4c123gxl" --include_path="C:/ti/TivaWare_C_Series-1.0" --define=ccs="ccs" --define=PART_TM4C123GH6PM --define=TARGET_IS_BLIZZARD_RB1 --define=PART_TM4C123GE6PM -g --gcc --diag_warning=225 --diag_wrap=off --display_error_number --gen_func_subsections=on --abi=eabi --ual --preproc_with_compile --preproc_dependency="blinky_main.d_raw"  "../blinky_main.c"
Finished building: "../blinky_main.c"
 
Building target: "blinky.out"
Invoking: ARM Linker
"C:/ti/ccs1240/ccs/tools/compiler/ti-cgt-arm_20.2.7.LTS/bin/armcl" -mv7M4 --code_state=16 --float_support=FPv4SPD16 -me -O2 --define=ccs="ccs" --define=PART_TM4C123GH6PM --define=TARGET_IS_BLIZZARD_RB1 --define=PART_TM4C123GE6PM -g --gcc --diag_warning=225 --diag_wrap=off --display_error_number --gen_func_subsections=on --abi=eabi --ual -z -m"app_TM4C123GE6PM_ccs.map" --heap_size=0 --stack_size=512 -i"C:/ti/ccs1240/ccs/tools/compiler/ti-cgt-arm_20.2.7.LTS/lib" -i"C:/ti/ccs1240/ccs/tools/compiler/ti-cgt-arm_20.2.7.LTS/include" --reread_libs --diag_wrap=off --display_error_number --warn_sections --xml_link_info="blinky_linkInfo.xml" --rom_model -o "blinky.out" "./blinky_main.obj" "./my_util.obj" "./periphConf.obj" "./startup_ccs.obj" "../tm4c123ge6pm.cmd"  -llibc.a -l"C:/ti/TivaWare_C_Series-1.0/driverlib/ccs/Debug/driverlib.lib" 
<Linking>
Finished building target: "blinky.out"
 
"C:/ti/ccs1240/ccs/utils/tiobj2bin/tiobj2bin" "blinky.out" "blinky.bin" "C:/ti/ccs1240/ccs/tools/compiler/ti-cgt-arm_20.2.7.LTS/bin/armofd" "C:/ti/ccs1240/ccs/tools/compiler/ti-cgt-arm_20.2.7.LTS/bin/armhex" "C:/ti/ccs1240/ccs/utils/tiobj2bin/mkhex4bin"
 

**** Build Finished ****

**** Build of configuration Debug for project blinky ****

"C:\\ti\\ccs1240\\ccs\\utils\\bin\\gmake" -k all 
 
gmake: Nothing to be done for 'all'.

**** Build Finished ****

**** Build of configuration Debug for project blinky ****

"C:\\ti\\ccs1240\\ccs\\utils\\bin\\gmake" -k all 
 
Building file: "../blinky_main.c"
Invoking: ARM Compiler
"C:/ti/ccs1240/ccs/tools/compiler/ti-cgt-arm_20.2.7.LTS/bin/armcl" -mv7M4 --code_state=16 --float_support=FPv4SPD16 -me -O2 --include_path="C:/ti/ccs1240/ccs/tools/compiler/ti-cgt-arm_20.2.7.LTS/include" --include_path="C:/ti/TivaWare_C_Series-1.0/examples/boards/ek-tm4c123gxl" --include_path="C:/ti/TivaWare_C_Series-1.0" --define=ccs="ccs" --define=PART_TM4C123GH6PM --define=TARGET_IS_BLIZZARD_RB1 --define=PART_TM4C123GE6PM -g --gcc --diag_warning=225 --diag_wrap=off --display_error_number --gen_func_subsections=on --abi=eabi --ual --preproc_with_compile --preproc_dependency="blinky_main.d_raw"  "../blinky_main.c"
Finished building: "../blinky_main.c"
 
Building target: "blinky.out"
Invoking: ARM Linker
"C:/ti/ccs1240/ccs/tools/compiler/ti-cgt-arm_20.2.7.LTS/bin/armcl" -mv7M4 --code_state=16 --float_support=FPv4SPD16 -me -O2 --define=ccs="ccs" --define=PART_TM4C123GH6PM --define=TARGET_IS_BLIZZARD_RB1 --define=PART_TM4C123GE6PM -g --gcc --diag_warning=225 --diag_wrap=off --display_error_number --gen_func_subsections=on --abi=eabi --ual -z -m"app_TM4C123GE6PM_ccs.map" --heap_size=0 --stack_size=512 -i"C:/ti/ccs1240/ccs/tools/compiler/ti-cgt-arm_20.2.7.LTS/lib" -i"C:/ti/ccs1240/ccs/tools/compiler/ti-cgt-arm_20.2.7.LTS/include" --reread_libs --diag_wrap=off --display_error_number --warn_sections --xml_link_info="blinky_linkInfo.xml" --rom_model -o "blinky.out" "./blinky_main.obj" "./my_util.obj" "./periphConf.obj" "./startup_ccs.obj" "../tm4c123ge6pm.cmd"  -llibc.a -l"C:/ti/TivaWare_C_Series-1.0/driverlib/ccs/Debug/driverlib.lib" 
<Linking>
Finished building target: "blinky.out"
 
"C:/ti/ccs1240/ccs/utils/tiobj2bin/tiobj2bin" "blinky.out" "blinky.bin" "C:/ti/ccs1240/ccs/tools/compiler/ti-cgt-arm_20.2.7.LTS/bin/armofd" "C:/ti/ccs1240/ccs/tools/compiler/ti-cgt-arm_20.2.7.LTS/bin/armhex" "C:/ti/ccs1240/ccs/utils/tiobj2bin/mkhex4bin"
 

**** Build Finished ****

**** Build of configuration Debug for project blinky ****

"C:\\ti\\ccs1240\\ccs\\utils\\bin\\gmake" -k all 
 
gmake: Nothing to be done for 'all'.

**** Build Finished ****

**** Build of configuration Debug for project blinky ****

"C:\\ti\\ccs1240\\ccs\\utils\\bin\\gmake" -k all 
 
Building file: "../blinky_main.c"
Invoking: ARM Compiler
"C:/ti/ccs1240/ccs/tools/compiler/ti-cgt-arm_20.2.7.LTS/bin/armcl" -mv7M4 --code_state=16 --float_support=FPv4SPD16 -me -O2 --include_path="C:/ti/ccs1240/ccs/tools/compiler/ti-cgt-arm_20.2.7.LTS/include" --include_path="C:/ti/TivaWare_C_Series-1.0/examples/boards/ek-tm4c123gxl" --include_path="C:/ti/TivaWare_C_Series-1.0" --define=ccs="ccs" --define=PART_TM4C123GH6PM --define=TARGET_IS_BLIZZARD_RB1 --define=PART_TM4C123GE6PM -g --gcc --diag_warning=225 --diag_wrap=off --display_error_number --gen_func_subsections=on --abi=eabi --ual --preproc_with_compile --preproc_dependency="blinky_main.d_raw"  "../blinky_main.c"
Finished building: "../blinky_main.c"
 
Building target: "blinky.out"
Invoking: ARM Linker
"C:/ti/ccs1240/ccs/tools/compiler/ti-cgt-arm_20.2.7.LTS/bin/armcl" -mv7M4 --code_state=16 --float_support=FPv4SPD16 -me -O2 --define=ccs="ccs" --define=PART_TM4C123GH6PM --define=TARGET_IS_BLIZZARD_RB1 --define=PART_TM4C123GE6PM -g --gcc --diag_warning=225 --diag_wrap=off --display_error_number --gen_func_subsections=on --abi=eabi --ual -z -m"app_TM4C123GE6PM_ccs.map" --heap_size=0 --stack_size=512 -i"C:/ti/ccs1240/ccs/tools/compiler/ti-cgt-arm_20.2.7.LTS/lib" -i"C:/ti/ccs1240/ccs/tools/compiler/ti-cgt-arm_20.2.7.LTS/include" --reread_libs --diag_wrap=off --display_error_number --warn_sections --xml_link_info="blinky_linkInfo.xml" --rom_model -o "blinky.out" "./blinky_main.obj" "./my_util.obj" "./periphConf.obj" "./startup_ccs.obj" "../tm4c123ge6pm.cmd"  -llibc.a -l"C:/ti/TivaWare_C_Series-1.0/driverlib/ccs/Debug/driverlib.lib" 
<Linking>
Finished building target: "blinky.out"
 
"C:/ti/ccs1240/ccs/utils/tiobj2bin/tiobj2bin" "blinky.out" "blinky.bin" "C:/ti/ccs1240/ccs/tools/compiler/ti-cgt-arm_20.2.7.LTS/bin/armofd" "C:/ti/ccs1240/ccs/tools/compiler/ti-cgt-arm_20.2.7.LTS/bin/armhex" "C:/ti/ccs1240/ccs/utils/tiobj2bin/mkhex4bin"
 

**** Build Finished ****

**** Build of configuration Debug for project blinky ****

"C:\\ti\\ccs1240\\ccs\\utils\\bin\\gmake" -k all 
 
gmake: Nothing to be done for 'all'.

**** Build Finished ****

**** Build of configuration Debug for project blinky ****

"C:\\ti\\ccs1240\\ccs\\utils\\bin\\gmake" -k all 
 
Building file: "../blinky_main.c"
Invoking: ARM Compiler
"C:/ti/ccs1240/ccs/tools/compiler/ti-cgt-arm_20.2.7.LTS/bin/armcl" -mv7M4 --code_state=16 --float_support=FPv4SPD16 -me -O2 --include_path="C:/ti/ccs1240/ccs/tools/compiler/ti-cgt-arm_20.2.7.LTS/include" --include_path="C:/ti/TivaWare_C_Series-1.0/examples/boards/ek-tm4c123gxl" --include_path="C:/ti/TivaWare_C_Series-1.0" --define=ccs="ccs" --define=PART_TM4C123GH6PM --define=TARGET_IS_BLIZZARD_RB1 --define=PART_TM4C123GE6PM -g --gcc --diag_warning=225 --diag_wrap=off --display_error_number --gen_func_subsections=on --abi=eabi --ual --preproc_with_compile --preproc_dependency="blinky_main.d_raw"  "../blinky_main.c"
Finished building: "../blinky_main.c"
 
Building target: "blinky.out"
Invoking: ARM Linker
"C:/ti/ccs1240/ccs/tools/compiler/ti-cgt-arm_20.2.7.LTS/bin/armcl" -mv7M4 --code_state=16 --float_support=FPv4SPD16 -me -O2 --define=ccs="ccs" --define=PART_TM4C123GH6PM --define=TARGET_IS_BLIZZARD_RB1 --define=PART_TM4C123GE6PM -g --gcc --diag_warning=225 --diag_wrap=off --display_error_number --gen_func_subsections=on --abi=eabi --ual -z -m"app_TM4C123GE6PM_ccs.map" --heap_size=0 --stack_size=512 -i"C:/ti/ccs1240/ccs/tools/compiler/ti-cgt-arm_20.2.7.LTS/lib" -i"C:/ti/ccs1240/ccs/tools/compiler/ti-cgt-arm_20.2.7.LTS/include" --reread_libs --diag_wrap=off --display_error_number --warn_sections --xml_link_info="blinky_linkInfo.xml" --rom_model -o "blinky.out" "./blinky_main.obj" "./my_util.obj" "./periphConf.obj" "./startup_ccs.obj" "../tm4c123ge6pm.cmd"  -llibc.a -l"C:/ti/TivaWare_C_Series-1.0/driverlib/ccs/Debug/driverlib.lib" 
<Linking>
Finished building target: "blinky.out"
 
"C:/ti/ccs1240/ccs/utils/tiobj2bin/tiobj2bin" "blinky.out" "blinky.bin" "C:/ti/ccs1240/ccs/tools/compiler/ti-cgt-arm_20.2.7.LTS/bin/armofd" "C:/ti/ccs1240/ccs/tools/compiler/ti-cgt-arm_20.2.7.LTS/bin/armhex" "C:/ti/ccs1240/ccs/utils/tiobj2bin/mkhex4bin"
 

**** Build Finished ****

**** Build of configuration Debug for project blinky ****

"C:\\ti\\ccs1240\\ccs\\utils\\bin\\gmake" -k all 
 
gmake: Nothing to be done for 'all'.

**** Build Finished ****

**** Build of configuration Debug for project blinky ****

"C:\\ti\\ccs1240\\ccs\\utils\\bin\\gmake" -k all 
 
Building file: "../blinky_main.c"
Invoking: ARM Compiler
"C:/ti/ccs1240/ccs/tools/compiler/ti-cgt-arm_20.2.7.LTS/bin/armcl" -mv7M4 --code_state=16 --float_support=FPv4SPD16 -me -O2 --include_path="C:/ti/ccs1240/ccs/tools/compiler/ti-cgt-arm_20.2.7.LTS/include" --include_path="C:/ti/TivaWare_C_Series-1.0/examples/boards/ek-tm4c123gxl" --include_path="C:/ti/TivaWare_C_Series-1.0" --define=ccs="ccs" --define=PART_TM4C123GH6PM --define=TARGET_IS_BLIZZARD_RB1 --define=PART_TM4C123GE6PM -g --gcc --diag_warning=225 --diag_wrap=off --display_error_number --gen_func_subsections=on --abi=eabi --ual --preproc_with_compile --preproc_dependency="blinky_main.d_raw"  "../blinky_main.c"
Finished building: "../blinky_main.c"
 
Building target: "blinky.out"
Invoking: ARM Linker
"C:/ti/ccs1240/ccs/tools/compiler/ti-cgt-arm_20.2.7.LTS/bin/armcl" -mv7M4 --code_state=16 --float_support=FPv4SPD16 -me -O2 --define=ccs="ccs" --define=PART_TM4C123GH6PM --define=TARGET_IS_BLIZZARD_RB1 --define=PART_TM4C123GE6PM -g --gcc --diag_warning=225 --diag_wrap=off --display_error_number --gen_func_subsections=on --abi=eabi --ual -z -m"app_TM4C123GE6PM_ccs.map" --heap_size=0 --stack_size=512 -i"C:/ti/ccs1240/ccs/tools/compiler/ti-cgt-arm_20.2.7.LTS/lib" -i"C:/ti/ccs1240/ccs/tools/compiler/ti-cgt-arm_20.2.7.LTS/include" --reread_libs --diag_wrap=off --display_error_number --warn_sections --xml_link_info="blinky_linkInfo.xml" --rom_model -o "blinky.out" "./blinky_main.obj" "./my_util.obj" "./periphConf.obj" "./startup_ccs.obj" "../tm4c123ge6pm.cmd"  -llibc.a -l"C:/ti/TivaWare_C_Series-1.0/driverlib/ccs/Debug/driverlib.lib" 
<Linking>
Finished building target: "blinky.out"
 
"C:/ti/ccs1240/ccs/utils/tiobj2bin/tiobj2bin" "blinky.out" "blinky.bin" "C:/ti/ccs1240/ccs/tools/compiler/ti-cgt-arm_20.2.7.LTS/bin/armofd" "C:/ti/ccs1240/ccs/tools/compiler/ti-cgt-arm_20.2.7.LTS/bin/armhex" "C:/ti/ccs1240/ccs/utils/tiobj2bin/mkhex4bin"
 

**** Build Finished ****

**** Build of configuration Debug for project blinky ****

"C:\\ti\\ccs1240\\ccs\\utils\\bin\\gmake" -k all 
 
Building file: "../blinky_main.c"
Invoking: ARM Compiler
"C:/ti/ccs1240/ccs/tools/compiler/ti-cgt-arm_20.2.7.LTS/bin/armcl" -mv7M4 --code_state=16 --float_support=FPv4SPD16 -me -O2 --include_path="C:/ti/ccs1240/ccs/tools/compiler/ti-cgt-arm_20.2.7.LTS/include" --include_path="C:/ti/TivaWare_C_Series-1.0/examples/boards/ek-tm4c123gxl" --include_path="C:/ti/TivaWare_C_Series-1.0" --define=ccs="ccs" --define=PART_TM4C123GH6PM --define=TARGET_IS_BLIZZARD_RB1 --define=PART_TM4C123GE6PM -g --gcc --diag_warning=225 --diag_wrap=off --display_error_number --gen_func_subsections=on --abi=eabi --ual --preproc_with_compile --preproc_dependency="blinky_main.d_raw"  "../blinky_main.c"
Finished building: "../blinky_main.c"
 
Building target: "blinky.out"
Invoking: ARM Linker
"C:/ti/ccs1240/ccs/tools/compiler/ti-cgt-arm_20.2.7.LTS/bin/armcl" -mv7M4 --code_state=16 --float_support=FPv4SPD16 -me -O2 --define=ccs="ccs" --define=PART_TM4C123GH6PM --define=TARGET_IS_BLIZZARD_RB1 --define=PART_TM4C123GE6PM -g --gcc --diag_warning=225 --diag_wrap=off --display_error_number --gen_func_subsections=on --abi=eabi --ual -z -m"app_TM4C123GE6PM_ccs.map" --heap_size=0 --stack_size=512 -i"C:/ti/ccs1240/ccs/tools/compiler/ti-cgt-arm_20.2.7.LTS/lib" -i"C:/ti/ccs1240/ccs/tools/compiler/ti-cgt-arm_20.2.7.LTS/include" --reread_libs --diag_wrap=off --display_error_number --warn_sections --xml_link_info="blinky_linkInfo.xml" --rom_model -o "blinky.out" "./blinky_main.obj" "./my_util.obj" "./periphConf.obj" "./startup_ccs.obj" "../tm4c123ge6pm.cmd"  -llibc.a -l"C:/ti/TivaWare_C_Series-1.0/driverlib/ccs/Debug/driverlib.lib" 
<Linking>
Finished building target: "blinky.out"
 
"C:/ti/ccs1240/ccs/utils/tiobj2bin/tiobj2bin" "blinky.out" "blinky.bin" "C:/ti/ccs1240/ccs/tools/compiler/ti-cgt-arm_20.2.7.LTS/bin/armofd" "C:/ti/ccs1240/ccs/tools/compiler/ti-cgt-arm_20.2.7.LTS/bin/armhex" "C:/ti/ccs1240/ccs/utils/tiobj2bin/mkhex4bin"
 

**** Build Finished ****

**** Build of configuration Debug for project blinky ****

"C:\\ti\\ccs1240\\ccs\\utils\\bin\\gmake" -k all 
 
Building file: "../blinky_main.c"
Invoking: ARM Compiler
"C:/ti/ccs1240/ccs/tools/compiler/ti-cgt-arm_20.2.7.LTS/bin/armcl" -mv7M4 --code_state=16 --float_support=FPv4SPD16 -me -O2 --include_path="C:/ti/ccs1240/ccs/tools/compiler/ti-cgt-arm_20.2.7.LTS/include" --include_path="C:/ti/TivaWare_C_Series-1.0/examples/boards/ek-tm4c123gxl" --include_path="C:/ti/TivaWare_C_Series-1.0" --define=ccs="ccs" --define=PART_TM4C123GH6PM --define=TARGET_IS_BLIZZARD_RB1 --define=PART_TM4C123GE6PM -g --gcc --diag_warning=225 --diag_wrap=off --display_error_number --gen_func_subsections=on --abi=eabi --ual --preproc_with_compile --preproc_dependency="blinky_main.d_raw"  "../blinky_main.c"
Finished building: "../blinky_main.c"
 
Building target: "blinky.out"
Invoking: ARM Linker
"C:/ti/ccs1240/ccs/tools/compiler/ti-cgt-arm_20.2.7.LTS/bin/armcl" -mv7M4 --code_state=16 --float_support=FPv4SPD16 -me -O2 --define=ccs="ccs" --define=PART_TM4C123GH6PM --define=TARGET_IS_BLIZZARD_RB1 --define=PART_TM4C123GE6PM -g --gcc --diag_warning=225 --diag_wrap=off --display_error_number --gen_func_subsections=on --abi=eabi --ual -z -m"app_TM4C123GE6PM_ccs.map" --heap_size=0 --stack_size=512 -i"C:/ti/ccs1240/ccs/tools/compiler/ti-cgt-arm_20.2.7.LTS/lib" -i"C:/ti/ccs1240/ccs/tools/compiler/ti-cgt-arm_20.2.7.LTS/include" --reread_libs --diag_wrap=off --display_error_number --warn_sections --xml_link_info="blinky_linkInfo.xml" --rom_model -o "blinky.out" "./blinky_main.obj" "./my_util.obj" "./periphConf.obj" "./startup_ccs.obj" "../tm4c123ge6pm.cmd"  -llibc.a -l"C:/ti/TivaWare_C_Series-1.0/driverlib/ccs/Debug/driverlib.lib" 
<Linking>
Finished building target: "blinky.out"
 
"C:/ti/ccs1240/ccs/utils/tiobj2bin/tiobj2bin" "blinky.out" "blinky.bin" "C:/ti/ccs1240/ccs/tools/compiler/ti-cgt-arm_20.2.7.LTS/bin/armofd" "C:/ti/ccs1240/ccs/tools/compiler/ti-cgt-arm_20.2.7.LTS/bin/armhex" "C:/ti/ccs1240/ccs/utils/tiobj2bin/mkhex4bin"
 

**** Build Finished ****

**** Build of configuration Debug for project blinky ****

"C:\\ti\\ccs1240\\ccs\\utils\\bin\\gmake" -k all 
 
Building file: "../blinky_main.c"
Invoking: ARM Compiler
"C:/ti/ccs1240/ccs/tools/compiler/ti-cgt-arm_20.2.7.LTS/bin/armcl" -mv7M4 --code_state=16 --float_support=FPv4SPD16 -me -O2 --include_path="C:/ti/ccs1240/ccs/tools/compiler/ti-cgt-arm_20.2.7.LTS/include" --include_path="C:/ti/TivaWare_C_Series-1.0/examples/boards/ek-tm4c123gxl" --include_path="C:/ti/TivaWare_C_Series-1.0" --define=ccs="ccs" --define=PART_TM4C123GH6PM --define=TARGET_IS_BLIZZARD_RB1 --define=PART_TM4C123GE6PM -g --gcc --diag_warning=225 --diag_wrap=off --display_error_number --gen_func_subsections=on --abi=eabi --ual --preproc_with_compile --preproc_dependency="blinky_main.d_raw"  "../blinky_main.c"
Finished building: "../blinky_main.c"
 
Building target: "blinky.out"
Invoking: ARM Linker
"C:/ti/ccs1240/ccs/tools/compiler/ti-cgt-arm_20.2.7.LTS/bin/armcl" -mv7M4 --code_state=16 --float_support=FPv4SPD16 -me -O2 --define=ccs="ccs" --define=PART_TM4C123GH6PM --define=TARGET_IS_BLIZZARD_RB1 --define=PART_TM4C123GE6PM -g --gcc --diag_warning=225 --diag_wrap=off --display_error_number --gen_func_subsections=on --abi=eabi --ual -z -m"app_TM4C123GE6PM_ccs.map" --heap_size=0 --stack_size=512 -i"C:/ti/ccs1240/ccs/tools/compiler/ti-cgt-arm_20.2.7.LTS/lib" -i"C:/ti/ccs1240/ccs/tools/compiler/ti-cgt-arm_20.2.7.LTS/include" --reread_libs --diag_wrap=off --display_error_number --warn_sections --xml_link_info="blinky_linkInfo.xml" --rom_model -o "blinky.out" "./blinky_main.obj" "./my_util.obj" "./periphConf.obj" "./startup_ccs.obj" "../tm4c123ge6pm.cmd"  -llibc.a -l"C:/ti/TivaWare_C_Series-1.0/driverlib/ccs/Debug/driverlib.lib" 
<Linking>
Finished building target: "blinky.out"
 
"C:/ti/ccs1240/ccs/utils/tiobj2bin/tiobj2bin" "blinky.out" "blinky.bin" "C:/ti/ccs1240/ccs/tools/compiler/ti-cgt-arm_20.2.7.LTS/bin/armofd" "C:/ti/ccs1240/ccs/tools/compiler/ti-cgt-arm_20.2.7.LTS/bin/armhex" "C:/ti/ccs1240/ccs/utils/tiobj2bin/mkhex4bin"
 

**** Build Finished ****

**** Build of configuration Debug for project blinky ****

"C:\\ti\\ccs1240\\ccs\\utils\\bin\\gmake" -k all 
 
Building file: "../blinky_main.c"
Invoking: ARM Compiler
"C:/ti/ccs1240/ccs/tools/compiler/ti-cgt-arm_20.2.7.LTS/bin/armcl" -mv7M4 --code_state=16 --float_support=FPv4SPD16 -me -O2 --include_path="C:/ti/ccs1240/ccs/tools/compiler/ti-cgt-arm_20.2.7.LTS/include" --include_path="C:/ti/TivaWare_C_Series-1.0/examples/boards/ek-tm4c123gxl" --include_path="C:/ti/TivaWare_C_Series-1.0" --define=ccs="ccs" --define=PART_TM4C123GH6PM --define=TARGET_IS_BLIZZARD_RB1 --define=PART_TM4C123GE6PM -g --gcc --diag_warning=225 --diag_wrap=off --display_error_number --gen_func_subsections=on --abi=eabi --ual --preproc_with_compile --preproc_dependency="blinky_main.d_raw"  "../blinky_main.c"
Finished building: "../blinky_main.c"
 
Building target: "blinky.out"
Invoking: ARM Linker
"C:/ti/ccs1240/ccs/tools/compiler/ti-cgt-arm_20.2.7.LTS/bin/armcl" -mv7M4 --code_state=16 --float_support=FPv4SPD16 -me -O2 --define=ccs="ccs" --define=PART_TM4C123GH6PM --define=TARGET_IS_BLIZZARD_RB1 --define=PART_TM4C123GE6PM -g --gcc --diag_warning=225 --diag_wrap=off --display_error_number --gen_func_subsections=on --abi=eabi --ual -z -m"app_TM4C123GE6PM_ccs.map" --heap_size=0 --stack_size=512 -i"C:/ti/ccs1240/ccs/tools/compiler/ti-cgt-arm_20.2.7.LTS/lib" -i"C:/ti/ccs1240/ccs/tools/compiler/ti-cgt-arm_20.2.7.LTS/include" --reread_libs --diag_wrap=off --display_error_number --warn_sections --xml_link_info="blinky_linkInfo.xml" --rom_model -o "blinky.out" "./blinky_main.obj" "./my_util.obj" "./periphConf.obj" "./startup_ccs.obj" "../tm4c123ge6pm.cmd"  -llibc.a -l"C:/ti/TivaWare_C_Series-1.0/driverlib/ccs/Debug/driverlib.lib" 
<Linking>
Finished building target: "blinky.out"
 
"C:/ti/ccs1240/ccs/utils/tiobj2bin/tiobj2bin" "blinky.out" "blinky.bin" "C:/ti/ccs1240/ccs/tools/compiler/ti-cgt-arm_20.2.7.LTS/bin/armofd" "C:/ti/ccs1240/ccs/tools/compiler/ti-cgt-arm_20.2.7.LTS/bin/armhex" "C:/ti/ccs1240/ccs/utils/tiobj2bin/mkhex4bin"
 

**** Build Finished ****

**** Build of configuration Debug for project blinky ****

"C:\\ti\\ccs1240\\ccs\\utils\\bin\\gmake" -k all 
 
Building file: "../blinky_main.c"
Invoking: ARM Compiler
"C:/ti/ccs1240/ccs/tools/compiler/ti-cgt-arm_20.2.7.LTS/bin/armcl" -mv7M4 --code_state=16 --float_support=FPv4SPD16 -me -O2 --include_path="C:/ti/ccs1240/ccs/tools/compiler/ti-cgt-arm_20.2.7.LTS/include" --include_path="C:/ti/TivaWare_C_Series-1.0/examples/boards/ek-tm4c123gxl" --include_path="C:/ti/TivaWare_C_Series-1.0" --define=ccs="ccs" --define=PART_TM4C123GH6PM --define=TARGET_IS_BLIZZARD_RB1 --define=PART_TM4C123GE6PM -g --gcc --diag_warning=225 --diag_wrap=off --display_error_number --gen_func_subsections=on --abi=eabi --ual --preproc_with_compile --preproc_dependency="blinky_main.d_raw"  "../blinky_main.c"
Finished building: "../blinky_main.c"
 
Building target: "blinky.out"
Invoking: ARM Linker
"C:/ti/ccs1240/ccs/tools/compiler/ti-cgt-arm_20.2.7.LTS/bin/armcl" -mv7M4 --code_state=16 --float_support=FPv4SPD16 -me -O2 --define=ccs="ccs" --define=PART_TM4C123GH6PM --define=TARGET_IS_BLIZZARD_RB1 --define=PART_TM4C123GE6PM -g --gcc --diag_warning=225 --diag_wrap=off --display_error_number --gen_func_subsections=on --abi=eabi --ual -z -m"app_TM4C123GE6PM_ccs.map" --heap_size=0 --stack_size=512 -i"C:/ti/ccs1240/ccs/tools/compiler/ti-cgt-arm_20.2.7.LTS/lib" -i"C:/ti/ccs1240/ccs/tools/compiler/ti-cgt-arm_20.2.7.LTS/include" --reread_libs --diag_wrap=off --display_error_number --warn_sections --xml_link_info="blinky_linkInfo.xml" --rom_model -o "blinky.out" "./blinky_main.obj" "./my_util.obj" "./periphConf.obj" "./startup_ccs.obj" "../tm4c123ge6pm.cmd"  -llibc.a -l"C:/ti/TivaWare_C_Series-1.0/driverlib/ccs/Debug/driverlib.lib" 
<Linking>
Finished building target: "blinky.out"
 
"C:/ti/ccs1240/ccs/utils/tiobj2bin/tiobj2bin" "blinky.out" "blinky.bin" "C:/ti/ccs1240/ccs/tools/compiler/ti-cgt-arm_20.2.7.LTS/bin/armofd" "C:/ti/ccs1240/ccs/tools/compiler/ti-cgt-arm_20.2.7.LTS/bin/armhex" "C:/ti/ccs1240/ccs/utils/tiobj2bin/mkhex4bin"
 

**** Build Finished ****

**** Build of configuration Debug for project blinky ****

"C:\\ti\\ccs1240\\ccs\\utils\\bin\\gmake" -k all 
 
Building file: "../blinky_main.c"
Invoking: ARM Compiler
"C:/ti/ccs1240/ccs/tools/compiler/ti-cgt-arm_20.2.7.LTS/bin/armcl" -mv7M4 --code_state=16 --float_support=FPv4SPD16 -me -O2 --include_path="C:/ti/ccs1240/ccs/tools/compiler/ti-cgt-arm_20.2.7.LTS/include" --include_path="C:/ti/TivaWare_C_Series-1.0/examples/boards/ek-tm4c123gxl" --include_path="C:/ti/TivaWare_C_Series-1.0" --define=ccs="ccs" --define=PART_TM4C123GH6PM --define=TARGET_IS_BLIZZARD_RB1 --define=PART_TM4C123GE6PM -g --gcc --diag_warning=225 --diag_wrap=off --display_error_number --gen_func_subsections=on --abi=eabi --ual --preproc_with_compile --preproc_dependency="blinky_main.d_raw"  "../blinky_main.c"
Finished building: "../blinky_main.c"
 
Building target: "blinky.out"
Invoking: ARM Linker
"C:/ti/ccs1240/ccs/tools/compiler/ti-cgt-arm_20.2.7.LTS/bin/armcl" -mv7M4 --code_state=16 --float_support=FPv4SPD16 -me -O2 --define=ccs="ccs" --define=PART_TM4C123GH6PM --define=TARGET_IS_BLIZZARD_RB1 --define=PART_TM4C123GE6PM -g --gcc --diag_warning=225 --diag_wrap=off --display_error_number --gen_func_subsections=on --abi=eabi --ual -z -m"app_TM4C123GE6PM_ccs.map" --heap_size=0 --stack_size=512 -i"C:/ti/ccs1240/ccs/tools/compiler/ti-cgt-arm_20.2.7.LTS/lib" -i"C:/ti/ccs1240/ccs/tools/compiler/ti-cgt-arm_20.2.7.LTS/include" --reread_libs --diag_wrap=off --display_error_number --warn_sections --xml_link_info="blinky_linkInfo.xml" --rom_model -o "blinky.out" "./blinky_main.obj" "./my_util.obj" "./periphConf.obj" "./startup_ccs.obj" "../tm4c123ge6pm.cmd"  -llibc.a -l"C:/ti/TivaWare_C_Series-1.0/driverlib/ccs/Debug/driverlib.lib" 
<Linking>
Finished building target: "blinky.out"
 
"C:/ti/ccs1240/ccs/utils/tiobj2bin/tiobj2bin" "blinky.out" "blinky.bin" "C:/ti/ccs1240/ccs/tools/compiler/ti-cgt-arm_20.2.7.LTS/bin/armofd" "C:/ti/ccs1240/ccs/tools/compiler/ti-cgt-arm_20.2.7.LTS/bin/armhex" "C:/ti/ccs1240/ccs/utils/tiobj2bin/mkhex4bin"
 

**** Build Finished ****

**** Build of configuration Debug for project blinky ****

"C:\\ti\\ccs1240\\ccs\\utils\\bin\\gmake" -k all 
 
Building file: "../blinky_main.c"
Invoking: ARM Compiler
"C:/ti/ccs1240/ccs/tools/compiler/ti-cgt-arm_20.2.7.LTS/bin/armcl" -mv7M4 --code_state=16 --float_support=FPv4SPD16 -me -O2 --include_path="C:/ti/ccs1240/ccs/tools/compiler/ti-cgt-arm_20.2.7.LTS/include" --include_path="C:/ti/TivaWare_C_Series-1.0/examples/boards/ek-tm4c123gxl" --include_path="C:/ti/TivaWare_C_Series-1.0" --define=ccs="ccs" --define=PART_TM4C123GH6PM --define=TARGET_IS_BLIZZARD_RB1 --define=PART_TM4C123GE6PM -g --gcc --diag_warning=225 --diag_wrap=off --display_error_number --gen_func_subsections=on --abi=eabi --ual --preproc_with_compile --preproc_dependency="blinky_main.d_raw"  "../blinky_main.c"
Finished building: "../blinky_main.c"
 
Building target: "blinky.out"
Invoking: ARM Linker
"C:/ti/ccs1240/ccs/tools/compiler/ti-cgt-arm_20.2.7.LTS/bin/armcl" -mv7M4 --code_state=16 --float_support=FPv4SPD16 -me -O2 --define=ccs="ccs" --define=PART_TM4C123GH6PM --define=TARGET_IS_BLIZZARD_RB1 --define=PART_TM4C123GE6PM -g --gcc --diag_warning=225 --diag_wrap=off --display_error_number --gen_func_subsections=on --abi=eabi --ual -z -m"app_TM4C123GE6PM_ccs.map" --heap_size=0 --stack_size=512 -i"C:/ti/ccs1240/ccs/tools/compiler/ti-cgt-arm_20.2.7.LTS/lib" -i"C:/ti/ccs1240/ccs/tools/compiler/ti-cgt-arm_20.2.7.LTS/include" --reread_libs --diag_wrap=off --display_error_number --warn_sections --xml_link_info="blinky_linkInfo.xml" --rom_model -o "blinky.out" "./blinky_main.obj" "./my_util.obj" "./periphConf.obj" "./startup_ccs.obj" "../tm4c123ge6pm.cmd"  -llibc.a -l"C:/ti/TivaWare_C_Series-1.0/driverlib/ccs/Debug/driverlib.lib" 
<Linking>
Finished building target: "blinky.out"
 
"C:/ti/ccs1240/ccs/utils/tiobj2bin/tiobj2bin" "blinky.out" "blinky.bin" "C:/ti/ccs1240/ccs/tools/compiler/ti-cgt-arm_20.2.7.LTS/bin/armofd" "C:/ti/ccs1240/ccs/tools/compiler/ti-cgt-arm_20.2.7.LTS/bin/armhex" "C:/ti/ccs1240/ccs/utils/tiobj2bin/mkhex4bin"
 

**** Build Finished ****

**** Build of configuration Debug for project blinky ****

"C:\\ti\\ccs1240\\ccs\\utils\\bin\\gmake" -k all 
 
gmake: Nothing to be done for 'all'.

**** Build Finished ****

**** Build of configuration Debug for project blinky ****

"C:\\ti\\ccs1240\\ccs\\utils\\bin\\gmake" -k all 
 
Building file: "../blinky_main.c"
Invoking: ARM Compiler
"C:/ti/ccs1240/ccs/tools/compiler/ti-cgt-arm_20.2.7.LTS/bin/armcl" -mv7M4 --code_state=16 --float_support=FPv4SPD16 -me -O2 --include_path="C:/ti/ccs1240/ccs/tools/compiler/ti-cgt-arm_20.2.7.LTS/include" --include_path="C:/ti/TivaWare_C_Series-1.0/examples/boards/ek-tm4c123gxl" --include_path="C:/ti/TivaWare_C_Series-1.0" --define=ccs="ccs" --define=PART_TM4C123GH6PM --define=TARGET_IS_BLIZZARD_RB1 --define=PART_TM4C123GE6PM -g --gcc --diag_warning=225 --diag_wrap=off --display_error_number --gen_func_subsections=on --abi=eabi --ual --preproc_with_compile --preproc_dependency="blinky_main.d_raw"  "../blinky_main.c"
Finished building: "../blinky_main.c"
 
Building target: "blinky.out"
Invoking: ARM Linker
"C:/ti/ccs1240/ccs/tools/compiler/ti-cgt-arm_20.2.7.LTS/bin/armcl" -mv7M4 --code_state=16 --float_support=FPv4SPD16 -me -O2 --define=ccs="ccs" --define=PART_TM4C123GH6PM --define=TARGET_IS_BLIZZARD_RB1 --define=PART_TM4C123GE6PM -g --gcc --diag_warning=225 --diag_wrap=off --display_error_number --gen_func_subsections=on --abi=eabi --ual -z -m"app_TM4C123GE6PM_ccs.map" --heap_size=0 --stack_size=512 -i"C:/ti/ccs1240/ccs/tools/compiler/ti-cgt-arm_20.2.7.LTS/lib" -i"C:/ti/ccs1240/ccs/tools/compiler/ti-cgt-arm_20.2.7.LTS/include" --reread_libs --diag_wrap=off --display_error_number --warn_sections --xml_link_info="blinky_linkInfo.xml" --rom_model -o "blinky.out" "./blinky_main.obj" "./my_util.obj" "./periphConf.obj" "./startup_ccs.obj" "../tm4c123ge6pm.cmd"  -llibc.a -l"C:/ti/TivaWare_C_Series-1.0/driverlib/ccs/Debug/driverlib.lib" 
<Linking>
Finished building target: "blinky.out"
 
"C:/ti/ccs1240/ccs/utils/tiobj2bin/tiobj2bin" "blinky.out" "blinky.bin" "C:/ti/ccs1240/ccs/tools/compiler/ti-cgt-arm_20.2.7.LTS/bin/armofd" "C:/ti/ccs1240/ccs/tools/compiler/ti-cgt-arm_20.2.7.LTS/bin/armhex" "C:/ti/ccs1240/ccs/utils/tiobj2bin/mkhex4bin"
 

**** Build Finished ****

**** Build of configuration Debug for project blinky ****

"C:\\ti\\ccs1240\\ccs\\utils\\bin\\gmake" -k all 
 
Building file: "../blinky_main.c"
Invoking: ARM Compiler
"C:/ti/ccs1240/ccs/tools/compiler/ti-cgt-arm_20.2.7.LTS/bin/armcl" -mv7M4 --code_state=16 --float_support=FPv4SPD16 -me -O2 --include_path="C:/ti/ccs1240/ccs/tools/compiler/ti-cgt-arm_20.2.7.LTS/include" --include_path="C:/ti/TivaWare_C_Series-1.0/examples/boards/ek-tm4c123gxl" --include_path="C:/ti/TivaWare_C_Series-1.0" --define=ccs="ccs" --define=PART_TM4C123GH6PM --define=TARGET_IS_BLIZZARD_RB1 --define=PART_TM4C123GE6PM -g --gcc --diag_warning=225 --diag_wrap=off --display_error_number --gen_func_subsections=on --abi=eabi --ual --preproc_with_compile --preproc_dependency="blinky_main.d_raw"  "../blinky_main.c"
Finished building: "../blinky_main.c"
 
Building target: "blinky.out"
Invoking: ARM Linker
"C:/ti/ccs1240/ccs/tools/compiler/ti-cgt-arm_20.2.7.LTS/bin/armcl" -mv7M4 --code_state=16 --float_support=FPv4SPD16 -me -O2 --define=ccs="ccs" --define=PART_TM4C123GH6PM --define=TARGET_IS_BLIZZARD_RB1 --define=PART_TM4C123GE6PM -g --gcc --diag_warning=225 --diag_wrap=off --display_error_number --gen_func_subsections=on --abi=eabi --ual -z -m"app_TM4C123GE6PM_ccs.map" --heap_size=0 --stack_size=512 -i"C:/ti/ccs1240/ccs/tools/compiler/ti-cgt-arm_20.2.7.LTS/lib" -i"C:/ti/ccs1240/ccs/tools/compiler/ti-cgt-arm_20.2.7.LTS/include" --reread_libs --diag_wrap=off --display_error_number --warn_sections --xml_link_info="blinky_linkInfo.xml" --rom_model -o "blinky.out" "./blinky_main.obj" "./my_util.obj" "./periphConf.obj" "./startup_ccs.obj" "../tm4c123ge6pm.cmd"  -llibc.a -l"C:/ti/TivaWare_C_Series-1.0/driverlib/ccs/Debug/driverlib.lib" 
<Linking>
Finished building target: "blinky.out"
 
"C:/ti/ccs1240/ccs/utils/tiobj2bin/tiobj2bin" "blinky.out" "blinky.bin" "C:/ti/ccs1240/ccs/tools/compiler/ti-cgt-arm_20.2.7.LTS/bin/armofd" "C:/ti/ccs1240/ccs/tools/compiler/ti-cgt-arm_20.2.7.LTS/bin/armhex" "C:/ti/ccs1240/ccs/utils/tiobj2bin/mkhex4bin"
 

**** Build Finished ****

**** Build of configuration Debug for project buzzer ****

"C:\\ti\\ccs1240\\ccs\\utils\\bin\\gmake" -k all 
 
Building file: "../buzzer.c"
Invoking: ARM Compiler
"C:/ti/ccs1240/ccs/tools/compiler/ti-cgt-arm_20.2.7.LTS/bin/armcl" -mv7M4 --code_state=16 --float_support=FPv4SPD16 -me -O2 --include_path="C:/ti/ccs1240/ccs/tools/compiler/ti-cgt-arm_20.2.7.LTS/include" --include_path="C:/ti/TivaWare_C_Series-1.0/examples/boards/ek-tm4c123gxl" --include_path="C:/ti/TivaWare_C_Series-1.0" --define=ccs="ccs" --define=PART_TM4C123GH6PM --define=TARGET_IS_BLIZZARD_RB1 --define=PART_TM4C123GE6PM -g --gcc --diag_warning=225 --diag_wrap=off --display_error_number --gen_func_subsections=on --abi=eabi --ual --preproc_with_compile --preproc_dependency="buzzer.d_raw"  "../buzzer.c"
Finished building: "../buzzer.c"
 
Building file: "../buzzer_main.c"
Invoking: ARM Compiler
"C:/ti/ccs1240/ccs/tools/compiler/ti-cgt-arm_20.2.7.LTS/bin/armcl" -mv7M4 --code_state=16 --float_support=FPv4SPD16 -me -O2 --include_path="C:/ti/ccs1240/ccs/tools/compiler/ti-cgt-arm_20.2.7.LTS/include" --include_path="C:/ti/TivaWare_C_Series-1.0/examples/boards/ek-tm4c123gxl" --include_path="C:/ti/TivaWare_C_Series-1.0" --define=ccs="ccs" --define=PART_TM4C123GH6PM --define=TARGET_IS_BLIZZARD_RB1 --define=PART_TM4C123GE6PM -g --gcc --diag_warning=225 --diag_wrap=off --display_error_number --gen_func_subsections=on --abi=eabi --ual --preproc_with_compile --preproc_dependency="buzzer_main.d_raw"  "../buzzer_main.c"
Finished building: "../buzzer_main.c"
 
Building file: "../my_util.c"
Invoking: ARM Compiler
"C:/ti/ccs1240/ccs/tools/compiler/ti-cgt-arm_20.2.7.LTS/bin/armcl" -mv7M4 --code_state=16 --float_support=FPv4SPD16 -me -O2 --include_path="C:/ti/ccs1240/ccs/tools/compiler/ti-cgt-arm_20.2.7.LTS/include" --include_path="C:/ti/TivaWare_C_Series-1.0/examples/boards/ek-tm4c123gxl" --include_path="C:/ti/TivaWare_C_Series-1.0" --define=ccs="ccs" --define=PART_TM4C123GH6PM --define=TARGET_IS_BLIZZARD_RB1 --define=PART_TM4C123GE6PM -g --gcc --diag_warning=225 --diag_wrap=off --display_error_number --gen_func_subsections=on --abi=eabi --ual --preproc_with_compile --preproc_dependency="my_util.d_raw"  "../my_util.c"
Finished building: "../my_util.c"
 
Building file: "../periphConf.c"
Invoking: ARM Compiler
"C:/ti/ccs1240/ccs/tools/compiler/ti-cgt-arm_20.2.7.LTS/bin/armcl" -mv7M4 --code_state=16 --float_support=FPv4SPD16 -me -O2 --include_path="C:/ti/ccs1240/ccs/tools/compiler/ti-cgt-arm_20.2.7.LTS/include" --include_path="C:/ti/TivaWare_C_Series-1.0/examples/boards/ek-tm4c123gxl" --include_path="C:/ti/TivaWare_C_Series-1.0" --define=ccs="ccs" --define=PART_TM4C123GH6PM --define=TARGET_IS_BLIZZARD_RB1 --define=PART_TM4C123GE6PM -g --gcc --diag_warning=225 --diag_wrap=off --display_error_number --gen_func_subsections=on --abi=eabi --ual --preproc_with_compile --preproc_dependency="periphConf.d_raw"  "../periphConf.c"
Finished building: "../periphConf.c"
 
Building file: "../startup_ccs.c"
Invoking: ARM Compiler
"C:/ti/ccs1240/ccs/tools/compiler/ti-cgt-arm_20.2.7.LTS/bin/armcl" -mv7M4 --code_state=16 --float_support=FPv4SPD16 -me -O2 --include_path="C:/ti/ccs1240/ccs/tools/compiler/ti-cgt-arm_20.2.7.LTS/include" --include_path="C:/ti/TivaWare_C_Series-1.0/examples/boards/ek-tm4c123gxl" --include_path="C:/ti/TivaWare_C_Series-1.0" --define=ccs="ccs" --define=PART_TM4C123GH6PM --define=TARGET_IS_BLIZZARD_RB1 --define=PART_TM4C123GE6PM -g --gcc --diag_warning=225 --diag_wrap=off --display_error_number --gen_func_subsections=on --abi=eabi --ual --preproc_with_compile --preproc_dependency="startup_ccs.d_raw"  "../startup_ccs.c"
Finished building: "../startup_ccs.c"
 
Building target: "buzzer.out"
Invoking: ARM Linker
"C:/ti/ccs1240/ccs/tools/compiler/ti-cgt-arm_20.2.7.LTS/bin/armcl" -mv7M4 --code_state=16 --float_support=FPv4SPD16 -me -O2 --define=ccs="ccs" --define=PART_TM4C123GH6PM --define=TARGET_IS_BLIZZARD_RB1 --define=PART_TM4C123GE6PM -g --gcc --diag_warning=225 --diag_wrap=off --display_error_number --gen_func_subsections=on --abi=eabi --ual -z -m"app_TM4C123GE6PM_ccs.map" --heap_size=0 --stack_size=512 -i"C:/ti/ccs1240/ccs/tools/compiler/ti-cgt-arm_20.2.7.LTS/lib" -i"C:/ti/ccs1240/ccs/tools/compiler/ti-cgt-arm_20.2.7.LTS/include" --reread_libs --diag_wrap=off --display_error_number --warn_sections --xml_link_info="buzzer_linkInfo.xml" --rom_model -o "buzzer.out" "./buzzer.obj" "./buzzer_main.obj" "./my_util.obj" "./periphConf.obj" "./startup_ccs.obj" "../buzzer_main.cmd"  -llibc.a -l"C:/ti/TivaWare_C_Series-1.0/driverlib/ccs/Debug/driverlib.lib" 
<Linking>
Finished building target: "buzzer.out"
 
"C:/ti/ccs1240/ccs/utils/tiobj2bin/tiobj2bin" "buzzer.out" "buzzer.bin" "C:/ti/ccs1240/ccs/tools/compiler/ti-cgt-arm_20.2.7.LTS/bin/armofd" "C:/ti/ccs1240/ccs/tools/compiler/ti-cgt-arm_20.2.7.LTS/bin/armhex" "C:/ti/ccs1240/ccs/utils/tiobj2bin/mkhex4bin"
 

**** Build Finished ****
